<?xml version="1.0" encoding="UTF-8"?>
<!-- Generated by org.testng.reporters.JUnitReportReporter -->
<testsuite hostname="Milans-MacBook-Pro.local" failures="0" tests="7" name="com.qa.opencart.test.AccountsPageTest" time="2.228" errors="0" timestamp="14 Apr. 2022 21:35:40 GMT" skipped="0">
  <testcase classname="com.qa.opencart.test.AccountsPageTest" name="TC_203_searchExit" time="0.036"/>
  <testcase classname="com.qa.opencart.test.AccountsPageTest" name="TC_201_getTitle" time="0.056"/>
  <testcase classname="com.qa.opencart.test.AccountsPageTest" name="TC_206_searchProductTest" time="0.649"/>
  <testcase classname="com.qa.opencart.test.AccountsPageTest" name="TC_202_headerExit" time="0.047"/>
  <testcase classname="com.qa.opencart.test.AccountsPageTest" name="TC_204_accountSection" time="0.080"/>
  <testcase classname="com.qa.opencart.test.AccountsPageTest" name="TC_207_searchProductListTest" time="0.648"/>
  <testcase classname="com.qa.opencart.test.AccountsPageTest" name="TC_205_searchHeaderTest" time="0.712"/>
</testsuite> <!-- com.qa.opencart.test.AccountsPageTest -->
