<?xml version="1.0" encoding="UTF-8"?>
<!-- Generated by org.testng.reporters.JUnitReportReporter -->
<testsuite hostname="Milans-MacBook-Pro.local" failures="0" tests="7" name="com.qa.opencart.test.AccountsPageTest" time="2.510" errors="0" timestamp="07 Apr. 2022 23:58:08 GMT" skipped="0">
  <testcase classname="com.qa.opencart.test.AccountsPageTest" name="TC_207_searchProductListTest" time="0.754"/>
  <testcase classname="com.qa.opencart.test.AccountsPageTest" name="TC_205_searchHeaderTest" time="0.900"/>
  <testcase classname="com.qa.opencart.test.AccountsPageTest" name="TC_201_getTitle" time="0.010"/>
  <testcase classname="com.qa.opencart.test.AccountsPageTest" name="TC_203_searchExit" time="0.034"/>
  <testcase classname="com.qa.opencart.test.AccountsPageTest" name="TC_202_headerExit" time="0.046"/>
  <testcase classname="com.qa.opencart.test.AccountsPageTest" name="TC_204_accountSection" time="0.086"/>
  <testcase classname="com.qa.opencart.test.AccountsPageTest" name="TC_206_searchProductTest" time="0.680"/>
</testsuite> <!-- com.qa.opencart.test.AccountsPageTest -->
