<?xml version="1.0" encoding="UTF-8"?>
<!-- Generated by org.testng.reporters.JUnitReportReporter -->
<testsuite hostname="Milans-MBP.ht.home" failures="0" tests="3" name="com.qa.opencart.test.RegistrationPageTest" time="7.731" errors="0" timestamp="2022-04-07T13:21:36 EDT" skipped="0">
  <testcase classname="com.qa.opencart.test.RegistrationPageTest" name="userRegisteration" time="2.858"/>
  <system-out/>
  <testcase classname="com.qa.opencart.test.RegistrationPageTest" name="userRegisteration" time="2.453"/>
  <system-out/>
  <testcase classname="com.qa.opencart.test.RegistrationPageTest" name="userRegisteration" time="2.420"/>
  <system-out/>
</testsuite> <!-- com.qa.opencart.test.RegistrationPageTest -->
