<?xml version="1.0" encoding="UTF-8"?>
<!-- Generated by org.testng.reporters.JUnitReportReporter -->
<testsuite hostname="Milans-MBP.ht.home" failures="0" tests="3" name="com.qa.opencart.test.ProductInfoPageTest" time="4.942" errors="0" timestamp="2022-04-07T13:26:01 EDT" skipped="0">
  <testcase classname="com.qa.opencart.test.ProductInfoPageTest" name="productInfoHeaderTest" time="2.198"/>
  <system-out/>
  <testcase classname="com.qa.opencart.test.ProductInfoPageTest" name="productInfoHeaderTest" time="1.270"/>
  <system-out/>
  <testcase classname="com.qa.opencart.test.ProductInfoPageTest" name="productInfoHeaderTest" time="1.474"/>
  <system-out/>
</testsuite> <!-- com.qa.opencart.test.ProductInfoPageTest -->
