<?xml version="1.0" encoding="UTF-8"?>
<!-- Generated by org.testng.reporters.JUnitReportReporter -->
<testsuite hostname="Milans-MacBook-Pro.local" failures="0" tests="5" name="com.qa.opencart.test.LoginPageTest" time="1.468" errors="0" timestamp="07 Apr. 2022 23:58:08 GMT" skipped="0">
  <testcase classname="com.qa.opencart.test.LoginPageTest" name="TC_003_forgotPasswordLink" time="0.050"/>
  <testcase classname="com.qa.opencart.test.LoginPageTest" name="ATC_005_registerLink" time="0.147"/>
  <testcase classname="com.qa.opencart.test.LoginPageTest" name="TC_002_loginPageUrl" time="0.013"/>
  <testcase classname="com.qa.opencart.test.LoginPageTest" name="TC_001_loginPageTitle" time="0.081"/>
  <testcase classname="com.qa.opencart.test.LoginPageTest" name="TC_004_login" time="1.177"/>
</testsuite> <!-- com.qa.opencart.test.LoginPageTest -->
